0 info it worked if it ends with ok
1 verbose cli [ '/usr/bin/node', '/usr/bin/npm', 'install' ]
2 info using npm@3.5.2
3 info using node@v8.10.0
4 silly loadCurrentTree Starting
5 silly install loadCurrentTree
6 silly install readLocalPackageData
7 silly install normalizeTree
8 silly loadCurrentTree Finishing
9 silly loadIdealTree Starting
10 silly install loadIdealTree
11 silly cloneCurrentTree Starting
12 silly install cloneCurrentTreeToIdealTree
13 silly cloneCurrentTree Finishing
14 silly loadShrinkwrap Starting
15 silly install loadShrinkwrap
16 silly loadShrinkwrap Finishing
17 silly loadAllDepsIntoIdealTree Starting
18 silly install loadAllDepsIntoIdealTree
19 silly fetchNamedPackageData bootstrap
20 silly mapToRegistry name bootstrap
21 silly mapToRegistry using default registry
22 silly mapToRegistry registry https://registry.npmjs.org/
23 silly mapToRegistry uri https://registry.npmjs.org/bootstrap
24 silly fetchNamedPackageData jquery
25 silly mapToRegistry name jquery
26 silly mapToRegistry using default registry
27 silly mapToRegistry registry https://registry.npmjs.org/
28 silly mapToRegistry uri https://registry.npmjs.org/jquery
29 verbose request uri https://registry.npmjs.org/jquery
30 verbose request no auth needed
31 info attempt registry request try #1 at 7:14:53 PM
32 verbose request id efff2a012967429b
33 http request GET https://registry.npmjs.org/jquery
34 info retry will retry, error on last attempt: Error: getaddrinfo ENOTFOUND registry.npmjs.org registry.npmjs.org:443
35 verbose request uri https://registry.npmjs.org/bootstrap
36 verbose request no auth needed
37 info attempt registry request try #1 at 7:14:53 PM
38 verbose etag W/"6b4c969f400d720dfc446dc93fa8902d"
39 verbose lastModified Wed, 05 Feb 2020 08:21:22 GMT
40 http request GET https://registry.npmjs.org/bootstrap
41 info retry will retry, error on last attempt: Error: getaddrinfo ENOTFOUND registry.npmjs.org registry.npmjs.org:443
42 info attempt registry request try #2 at 7:15:03 PM
43 http request GET https://registry.npmjs.org/jquery
44 info retry will retry, error on last attempt: Error: getaddrinfo ENOTFOUND registry.npmjs.org registry.npmjs.org:443
45 info attempt registry request try #2 at 7:15:03 PM
46 verbose etag W/"6b4c969f400d720dfc446dc93fa8902d"
47 verbose lastModified Wed, 05 Feb 2020 08:21:22 GMT
48 http request GET https://registry.npmjs.org/bootstrap
49 info retry will retry, error on last attempt: Error: getaddrinfo ENOTFOUND registry.npmjs.org registry.npmjs.org:443
50 info attempt registry request try #3 at 7:16:03 PM
51 http request GET https://registry.npmjs.org/jquery
52 info attempt registry request try #3 at 7:16:03 PM
53 verbose etag W/"6b4c969f400d720dfc446dc93fa8902d"
54 verbose lastModified Wed, 05 Feb 2020 08:21:22 GMT
55 http request GET https://registry.npmjs.org/bootstrap
56 silly fetchPackageMetaData Error: getaddrinfo ENOTFOUND registry.npmjs.org registry.npmjs.org:443
56 silly fetchPackageMetaData     at errnoException (dns.js:50:10)
56 silly fetchPackageMetaData     at GetAddrInfoReqWrap.onlookup [as oncomplete] (dns.js:92:26)
56 silly fetchPackageMetaData  error for jquery@3.4.1 { Error: getaddrinfo ENOTFOUND registry.npmjs.org registry.npmjs.org:443
56 silly fetchPackageMetaData     at errnoException (dns.js:50:10)
56 silly fetchPackageMetaData     at GetAddrInfoReqWrap.onlookup [as oncomplete] (dns.js:92:26)
56 silly fetchPackageMetaData   code: 'ENOTFOUND',
56 silly fetchPackageMetaData   errno: 'ENOTFOUND',
56 silly fetchPackageMetaData   syscall: 'getaddrinfo',
56 silly fetchPackageMetaData   hostname: 'registry.npmjs.org',
56 silly fetchPackageMetaData   host: 'registry.npmjs.org',
56 silly fetchPackageMetaData   port: 443 }
57 silly get cb [ 304, undefined ]
58 verbose etag https://registry.npmjs.org/bootstrap from cache
59 verbose get saving bootstrap to /home/nicholas/.npm/registry.npmjs.org/bootstrap/.cache.json
60 silly resolveWithNewModule bootstrap@4.3.1 checking installable status
61 silly cache add args [ 'bootstrap@4.3.1', null ]
62 verbose cache add spec bootstrap@4.3.1
63 silly cache add parsed spec Result {
63 silly cache add   raw: 'bootstrap@4.3.1',
63 silly cache add   scope: null,
63 silly cache add   name: 'bootstrap',
63 silly cache add   rawSpec: '4.3.1',
63 silly cache add   spec: '4.3.1',
63 silly cache add   type: 'version' }
64 silly addNamed bootstrap@4.3.1
65 verbose addNamed "4.3.1" is a plain semver version for bootstrap
66 silly mapToRegistry name bootstrap
67 silly mapToRegistry using default registry
68 silly mapToRegistry registry https://registry.npmjs.org/
69 silly mapToRegistry uri https://registry.npmjs.org/bootstrap
70 verbose addNameVersion registry:https://registry.npmjs.org/bootstrap not in flight; fetching
71 verbose get https://registry.npmjs.org/bootstrap not expired, no request
72 silly mapToRegistry name bootstrap
73 silly mapToRegistry using default registry
74 silly mapToRegistry registry https://registry.npmjs.org/
75 silly mapToRegistry uri https://registry.npmjs.org/bootstrap
76 verbose addRemoteTarball https://registry.npmjs.org/bootstrap/-/bootstrap-4.3.1.tgz not in flight; adding
77 verbose addRemoteTarball [ 'https://registry.npmjs.org/bootstrap/-/bootstrap-4.3.1.tgz',
77 verbose addRemoteTarball   '280ca8f610504d99d7b6b4bfc4b68cec601704ac' ]
78 info retry fetch attempt 1 at 7:16:03 PM
79 info attempt registry request try #1 at 7:16:03 PM
80 http fetch GET https://registry.npmjs.org/bootstrap/-/bootstrap-4.3.1.tgz
81 info retry will retry, error on last attempt: Error: getaddrinfo ENOTFOUND registry.npmjs.org registry.npmjs.org:443
82 info attempt registry request try #2 at 7:16:13 PM
83 http fetch GET https://registry.npmjs.org/bootstrap/-/bootstrap-4.3.1.tgz
84 info retry will retry, error on last attempt: Error: getaddrinfo ENOTFOUND registry.npmjs.org registry.npmjs.org:443
85 info attempt registry request try #3 at 7:17:13 PM
86 http fetch GET https://registry.npmjs.org/bootstrap/-/bootstrap-4.3.1.tgz
87 error fetch failed https://registry.npmjs.org/bootstrap/-/bootstrap-4.3.1.tgz
88 warn retry will retry, error on last attempt: Error: getaddrinfo ENOTFOUND registry.npmjs.org registry.npmjs.org:443
89 info retry fetch attempt 2 at 7:17:23 PM
90 info attempt registry request try #1 at 7:17:23 PM
91 http fetch GET https://registry.npmjs.org/bootstrap/-/bootstrap-4.3.1.tgz
92 info retry will retry, error on last attempt: Error: getaddrinfo ENOTFOUND registry.npmjs.org registry.npmjs.org:443
93 info attempt registry request try #2 at 7:17:33 PM
94 http fetch GET https://registry.npmjs.org/bootstrap/-/bootstrap-4.3.1.tgz
95 info retry will retry, error on last attempt: Error: getaddrinfo ENOTFOUND registry.npmjs.org registry.npmjs.org:443
96 info attempt registry request try #3 at 7:18:33 PM
97 http fetch GET https://registry.npmjs.org/bootstrap/-/bootstrap-4.3.1.tgz
98 error fetch failed https://registry.npmjs.org/bootstrap/-/bootstrap-4.3.1.tgz
99 warn retry will retry, error on last attempt: Error: getaddrinfo ENOTFOUND registry.npmjs.org registry.npmjs.org:443
100 info retry fetch attempt 3 at 7:19:33 PM
101 info attempt registry request try #1 at 7:19:33 PM
102 http fetch GET https://registry.npmjs.org/bootstrap/-/bootstrap-4.3.1.tgz
103 info retry will retry, error on last attempt: Error: getaddrinfo ENOTFOUND registry.npmjs.org registry.npmjs.org:443
104 info attempt registry request try #2 at 7:19:43 PM
105 http fetch GET https://registry.npmjs.org/bootstrap/-/bootstrap-4.3.1.tgz
106 info retry will retry, error on last attempt: Error: getaddrinfo ENOTFOUND registry.npmjs.org registry.npmjs.org:443
107 info attempt registry request try #3 at 7:20:43 PM
108 http fetch GET https://registry.npmjs.org/bootstrap/-/bootstrap-4.3.1.tgz
109 error fetch failed https://registry.npmjs.org/bootstrap/-/bootstrap-4.3.1.tgz
110 silly rollbackFailedOptional Starting
111 silly rollbackFailedOptional Finishing
112 silly runTopLevelLifecycles Starting
113 silly runTopLevelLifecycles Finishing
114 silly install printInstalled
115 verbose stack Error: getaddrinfo ENOTFOUND registry.npmjs.org registry.npmjs.org:443
115 verbose stack     at errnoException (dns.js:50:10)
115 verbose stack     at GetAddrInfoReqWrap.onlookup [as oncomplete] (dns.js:92:26)
116 verbose cwd /home/nicholas/school/internetComputing/p2/startbootstrap-simple-sidebar-gh-pages
117 error Linux 4.15.0-76-generic
118 error argv "/usr/bin/node" "/usr/bin/npm" "install"
119 error node v8.10.0
120 error npm  v3.5.2
121 error code ENOTFOUND
122 error errno ENOTFOUND
123 error syscall getaddrinfo
124 error network getaddrinfo ENOTFOUND registry.npmjs.org registry.npmjs.org:443
125 error network This is most likely not a problem with npm itself
125 error network and is related to network connectivity.
125 error network In most cases you are behind a proxy or have bad network settings.
125 error network
125 error network If you are behind a proxy, please make sure that the
125 error network 'proxy' config is set properly.  See: 'npm help config'
126 verbose exit [ 1, true ]
